<?xml version="1.0" encoding="UTF-8"?>
<!-- Generated by org.testng.reporters.JUnitReportReporter -->
<testsuite hostname="LAPTOP-H6QV2802" failures="0" tests="2" name="TestNG.Multibrowser1" time="10.726" errors="0" timestamp="2023-01-06T16:24:31 IST" skipped="0">
  <testcase classname="TestNG.Multibrowser1" name="TC" time="6.905"/>
  <system-out/>
  <testcase classname="TestNG.Multibrowser1" name="TC" time="3.821"/>
  <system-out/>
</testsuite> <!-- TestNG.Multibrowser1 -->
