<?xml version="1.0" encoding="UTF-8"?>
<!-- Generated by org.testng.reporters.JUnitReportReporter -->
<testsuite hostname="LAPTOP-H6QV2802" failures="0" tests="2" name="TestNG.Multibrowser" time="18.824" errors="0" timestamp="2023-01-06T15:59:16 IST" skipped="0">
  <testcase classname="TestNG.Multibrowser" name="TC" time="11.374"/>
  <system-out/>
  <testcase classname="TestNG.Multibrowser" name="TC" time="7.450"/>
  <system-out/>
</testsuite> <!-- TestNG.Multibrowser -->
