<?xml version="1.0" encoding="UTF-8"?>
<!-- Generated by org.testng.reporters.JUnitReportReporter -->
<testsuite hostname="LAPTOP-H6QV2802" failures="0" tests="1" name="TestNG.Test1" time="0.015" errors="0" timestamp="2022-12-28T10:39:51 IST" skipped="0">
  <testcase classname="TestNG.Test1" name="TC1" time="0.015"/>
  <system-out>
    <![CDATA[My First testNG program]]>
  </system-out>
</testsuite> <!-- TestNG.Test1 -->
