<?xml version="1.0" encoding="UTF-8"?>
<!-- Generated by org.testng.reporters.JUnitReportReporter -->
<testsuite hostname="LAPTOP-H6QV2802" failures="0" tests="2" name="TestNG.Multisuit" time="23.644" errors="0" timestamp="2023-01-06T15:49:43 IST" skipped="0">
  <testcase classname="TestNG.Multisuit" name="TC1" time="12.555"/>
  <system-out/>
  <testcase classname="TestNG.Multisuit" name="TC1" time="11.089"/>
  <system-out/>
</testsuite> <!-- TestNG.Multisuit -->
