<?xml version="1.0" encoding="UTF-8"?>
<!-- Generated by org.testng.reporters.JUnitReportReporter -->
<testsuite hostname="LAPTOP-H6QV2802" failures="0" tests="2" name="Mozilla.Multisuit" time="13.402" errors="0" timestamp="2023-01-04T22:48:11 IST" skipped="0">
  <testcase classname="Mozilla.Multisuit" name="TC1" time="8.618"/>
  <system-out/>
  <testcase classname="Mozilla.Multisuit" name="TC1" time="4.784"/>
  <system-out/>
</testsuite> <!-- Mozilla.Multisuit -->
