<?xml version="1.0" encoding="UTF-8"?>
<!-- Generated by org.testng.reporters.JUnitReportReporter -->
<testsuite hostname="LAPTOP-H6QV2802" failures="0" tests="1" name="PageFactory_testng.Test01" time="6.285" errors="0" timestamp="2023-01-11T16:13:49 IST" skipped="0">
  <testcase classname="PageFactory_testng.Test01" name="verifyText" time="6.285"/>
  <system-out>
    <![CDATA[running verifyText]]>
  </system-out>
</testsuite> <!-- PageFactory_testng.Test01 -->
